Server has started.
Request for / received.
About to route a request for /
Request handler 'start' was called.
Request for /style/style.css received.
About to route a request for /style/style.css
path.exists is now called `fs.exists`.
Request for /js/main.js received.
About to route a request for /js/main.js
Request for /js/keyStatus.js received.
About to route a request for /js/keyStatus.js
Request for /js/jquery.hotkeys.js received.
About to route a request for /js/jquery.hotkeys.js
Request for /js/jquery.min.js received.
About to route a request for /js/jquery.min.js
Request for /favicon.ico received.
About to route a request for /favicon.ico
Request for / received.
About to route a request for /
Request handler 'start' was called.
Request for /style/style.css received.
About to route a request for /style/style.css
Request for /js/main.js received.
About to route a request for /js/main.js
Request for /js/keyStatus.js received.
About to route a request for /js/keyStatus.js
Request for /js/jquery.hotkeys.js received.
About to route a request for /js/jquery.hotkeys.js
Request for /js/jquery.min.js received.
About to route a request for /js/jquery.min.js
Request for /favicon.ico received.
About to route a request for /favicon.ico
Server has started.
Request for / received.
About to route a request for /
Request handler 'start' was called.
Request for /style/style.css received.
About to route a request for /style/style.css
path.exists is now called `fs.exists`.
Request for /js/main.js received.
About to route a request for /js/main.js
Request for /js/keyStatus.js received.
About to route a request for /js/keyStatus.js
Request for /js/jquery.hotkeys.js received.
About to route a request for /js/jquery.hotkeys.js
Request for /js/jquery.min.js received.
About to route a request for /js/jquery.min.js
Request for /favicon.ico received.
About to route a request for /favicon.ico
Request for /lonLat.asp received.
About to route a request for /lonLat.asp
Request for /favicon.ico received.
About to route a request for /favicon.ico
Request for /favicon.ico received.
About to route a request for /favicon.ico
Request for / received.
About to route a request for /
Request handler 'start' was called.
Request for /favicon.ico received.
About to route a request for /favicon.ico
Request for / received.
About to route a request for /
Request handler 'start' was called.
Request for /style/style.css received.
About to route a request for /style/style.css
Request for /js/main.js received.
About to route a request for /js/main.js
Request for /js/keyStatus.js received.
About to route a request for /js/keyStatus.js
Request for /js/jquery.hotkeys.js received.
About to route a request for /js/jquery.hotkeys.js
Request for /js/jquery.min.js received.
About to route a request for /js/jquery.min.js
Request for /favicon.ico received.
About to route a request for /favicon.ico
Request for / received.
About to route a request for /
Request handler 'start' was called.
Request for /style/style.css received.
About to route a request for /style/style.css
Request for /js/main.js received.
About to route a request for /js/main.js
Request for /js/keyStatus.js received.
About to route a request for /js/keyStatus.js
Request for /js/jquery.hotkeys.js received.
About to route a request for /js/jquery.hotkeys.js
Request for /js/jquery.min.js received.
About to route a request for /js/jquery.min.js
Request for /favicon.ico received.
About to route a request for /favicon.ico
Server has started.
Request for / received.
About to route a request for /
Request handler 'start' was called.
Request for /style/style.css received.
About to route a request for /style/style.css
path.exists is now called `fs.exists`.
Request for /js/keyStatus.js received.
About to route a request for /js/keyStatus.js
Request for /js/jquery.hotkeys.js received.
About to route a request for /js/jquery.hotkeys.js
Request for /js/jquery.min.js received.
About to route a request for /js/jquery.min.js
Request for /js/main.js received.
About to route a request for /js/main.js
Request for /favicon.ico received.
About to route a request for /favicon.ico
Request for / received.
About to route a request for /
Request handler 'start' was called.
Request for /style/style.css received.
About to route a request for /style/style.css
Request for /js/jquery.min.js received.
About to route a request for /js/jquery.min.js
Request for /js/main.js received.
About to route a request for /js/main.js
Request for /js/keyStatus.js received.
About to route a request for /js/keyStatus.js
Request for /js/jquery.hotkeys.js received.
About to route a request for /js/jquery.hotkeys.js
Request for /favicon.ico received.
About to route a request for /favicon.ico
Request for / received.
About to route a request for /
Request handler 'start' was called.
Request for /style/style.css received.
About to route a request for /style/style.css
Request for /js/keyStatus.js received.
About to route a request for /js/keyStatus.js
Request for /js/main.js received.
About to route a request for /js/main.js
Request for /js/jquery.hotkeys.js received.
About to route a request for /js/jquery.hotkeys.js
Request for /js/jquery.min.js received.
About to route a request for /js/jquery.min.js
Request for /favicon.ico received.
About to route a request for /favicon.ico
Request for / received.
About to route a request for /
Request handler 'start' was called.
Request for /style/style.css received.
About to route a request for /style/style.css
Request for /js/keyStatus.js received.
About to route a request for /js/keyStatus.js
Request for /js/main.js received.
About to route a request for /js/main.js
Request for /js/jquery.hotkeys.js received.
About to route a request for /js/jquery.hotkeys.js
Request for /js/jquery.min.js received.
About to route a request for /js/jquery.min.js
Request for /favicon.ico received.
About to route a request for /favicon.ico
Request for / received.
About to route a request for /
Request handler 'start' was called.
Request for /style/style.css received.
About to route a request for /style/style.css
Request for /js/jquery.min.js received.
About to route a request for /js/jquery.min.js
Request for /js/jquery.hotkeys.js received.
About to route a request for /js/jquery.hotkeys.js
Request for /js/main.js received.
About to route a request for /js/main.js
Request for /js/keyStatus.js received.
About to route a request for /js/keyStatus.js
Request for /favicon.ico received.
About to route a request for /favicon.ico
Request for /receiver.pl received.
About to route a request for /receiver.pl
Request for / received.
About to route a request for /
Request handler 'start' was called.
Request for /js/jquery.min.js received.
About to route a request for /js/jquery.min.js
Request for /js/jquery.hotkeys.js received.
About to route a request for /js/jquery.hotkeys.js
Request for /style/style.css received.
About to route a request for /style/style.css
Request for /js/keyStatus.js received.
About to route a request for /js/keyStatus.js
Request for /js/main.js received.
About to route a request for /js/main.js
Request for /favicon.ico received.
About to route a request for /favicon.ico
Request for / received.
About to route a request for /
Request handler 'start' was called.
Request for /style/style.css received.
About to route a request for /style/style.css
Request for /js/jquery.min.js received.
About to route a request for /js/jquery.min.js
Request for /js/main.js received.
About to route a request for /js/main.js
Request for /js/keyStatus.js received.
About to route a request for /js/keyStatus.js
Request for /js/jquery.hotkeys.js received.
About to route a request for /js/jquery.hotkeys.js
Request for /favicon.ico received.
About to route a request for /favicon.ico
Request for /receiver.pl received.
About to route a request for /receiver.pl
Request for /receiver.pl received.
About to route a request for /receiver.pl
Request for /receiver.pl received.
About to route a request for /receiver.pl
Request for /receiver.pl received.
About to route a request for /receiver.pl
Request for /receiver.pl received.
About to route a request for /receiver.pl
Request for /receiver.pl received.
About to route a request for /receiver.pl
Request for /receiver.pl received.
About to route a request for /receiver.pl
Request for /receiver.pl received.
About to route a request for /receiver.pl
Request for / received.
About to route a request for /
Request handler 'start' was called.
Request for /style/style.css received.
About to route a request for /style/style.css
Request for /js/main.js received.
About to route a request for /js/main.js
Request for /js/keyStatus.js received.
About to route a request for /js/keyStatus.js
Request for /js/jquery.hotkeys.js received.
About to route a request for /js/jquery.hotkeys.js
Request for /js/jquery.min.js received.
About to route a request for /js/jquery.min.js
Request for /lonLat received.
About to route a request for /lonLat
Req handler 'lonLat' called

events.js:66
        throw arguments[1]; // Unhandled 'error' event
                       ^
Error: bad content-type header, no content-type
    at IncomingForm._parseContentType (/home/milo/Projects/Events/server/node_modules/formidable/lib/incoming_form.js:219:17)
    at IncomingForm.writeHeaders (/home/milo/Projects/Events/server/node_modules/formidable/lib/incoming_form.js:131:8)
    at IncomingForm.parse (/home/milo/Projects/Events/server/node_modules/formidable/lib/incoming_form.js:84:8)
    at Object.lonLat [as /lonLat] (/home/milo/Projects/Events/server/requestHandlers.js:62:10)
    at route (/home/milo/Projects/Events/server/router.js:7:18)
    at Server.onRequest (/home/milo/Projects/Events/server/server.js:8:5)
    at Server.EventEmitter.emit (events.js:91:17)
    at HTTPParser.parser.onIncoming (http.js:1793:12)
    at HTTPParser.parserOnHeadersComplete [as onHeadersComplete] (http.js:111:23)
    at Socket.socket.ondata (http.js:1690:22)
Server has started.
Request for / received.
About to route a request for /
Request handler 'start' was called.
Request for /js/jquery.min.js received.
About to route a request for /js/jquery.min.js
path.exists is now called `fs.exists`.
Request for /style/style.css received.
About to route a request for /style/style.css
Request for /js/jquery.hotkeys.js received.
About to route a request for /js/jquery.hotkeys.js
Request for /js/main.js received.
About to route a request for /js/main.js
Request for /js/keyStatus.js received.
About to route a request for /js/keyStatus.js
Request for /favicon.ico received.
About to route a request for /favicon.ico
Request for /lonLat received.
About to route a request for /lonLat
Req handler 'lonLat' called

events.js:66
        throw arguments[1]; // Unhandled 'error' event
                       ^
Error: bad content-type header, no content-type
    at IncomingForm._parseContentType (/home/milo/Projects/Events/server/node_modules/formidable/lib/incoming_form.js:219:17)
    at IncomingForm.writeHeaders (/home/milo/Projects/Events/server/node_modules/formidable/lib/incoming_form.js:131:8)
    at IncomingForm.parse (/home/milo/Projects/Events/server/node_modules/formidable/lib/incoming_form.js:84:8)
    at Object.lonLat [as /lonLat] (/home/milo/Projects/Events/server/requestHandlers.js:62:10)
    at route (/home/milo/Projects/Events/server/router.js:7:18)
    at Server.onRequest (/home/milo/Projects/Events/server/server.js:8:5)
    at Server.EventEmitter.emit (events.js:91:17)
    at HTTPParser.parser.onIncoming (http.js:1793:12)
    at HTTPParser.parserOnHeadersComplete [as onHeadersComplete] (http.js:111:23)
    at Socket.socket.ondata (http.js:1690:22)
Server has started.
Request for / received.
About to route a request for /
Request handler 'start' was called.
Request for /style/style.css received.
About to route a request for /style/style.css
path.exists is now called `fs.exists`.
Request for /js/main.js received.
About to route a request for /js/main.js
Request for /js/keyStatus.js received.
About to route a request for /js/keyStatus.js
Request for /js/jquery.hotkeys.js received.
About to route a request for /js/jquery.hotkeys.js
Request for /js/jquery.min.js received.
About to route a request for /js/jquery.min.js
Request for /favicon.ico received.
About to route a request for /favicon.ico
Request for /lonLat received.
About to route a request for /lonLat
Req handler 'lonLat' called
Request for /lonLat received.
About to route a request for /lonLat
Req handler 'lonLat' called
Request for /favicon.ico received.
About to route a request for /favicon.ico
Request for / received.
About to route a request for /
Request handler 'start' was called.
Request for /style/style.css received.
About to route a request for /style/style.css
Request for /js/jquery.min.js received.
About to route a request for /js/jquery.min.js
Request for /js/jquery.hotkeys.js received.
About to route a request for /js/jquery.hotkeys.js
Request for /js/keyStatus.js received.
About to route a request for /js/keyStatus.js
Request for /js/main.js received.
About to route a request for /js/main.js
Request for /favicon.ico received.
About to route a request for /favicon.ico
Request for /lonLat received.
About to route a request for /lonLat
Req handler 'lonLat' called
Request for /lonLat received.
About to route a request for /lonLat
Req handler 'lonLat' called
Request for /lonLat received.
About to route a request for /lonLat
Req handler 'lonLat' called
Server has started.
Request for / received.
About to route a request for /
Request handler 'start' was called.
Request for /style/style.css received.
About to route a request for /style/style.css
path.exists is now called `fs.exists`.
Request for /js/keyStatus.js received.
About to route a request for /js/keyStatus.js
Request for /js/main.js received.
About to route a request for /js/main.js
Request for /js/jquery.hotkeys.js received.
About to route a request for /js/jquery.hotkeys.js
Request for /js/jquery.min.js received.
About to route a request for /js/jquery.min.js
Request for /favicon.ico received.
About to route a request for /favicon.ico
Request for /lonLat received.
About to route a request for /lonLat
Req handler 'lonLat' called
Request for /lonLat received.
About to route a request for /lonLat
Req handler 'lonLat' called
Request for / received.
About to route a request for /
Request handler 'start' was called.
Request for /style/style.css received.
About to route a request for /style/style.css
Request for /js/jquery.min.js received.
About to route a request for /js/jquery.min.js
Request for /js/main.js received.
About to route a request for /js/main.js
Request for /js/jquery.hotkeys.js received.
About to route a request for /js/jquery.hotkeys.js
Request for /js/keyStatus.js received.
About to route a request for /js/keyStatus.js
Request for /favicon.ico received.
About to route a request for /favicon.ico
Request for / received.
About to route a request for /
Request handler 'start' was called.
Request for /style/style.css received.
About to route a request for /style/style.css
Request for /js/jquery.min.js received.
About to route a request for /js/jquery.min.js
Request for /js/jquery.hotkeys.js received.
About to route a request for /js/jquery.hotkeys.js
Request for /js/keyStatus.js received.
About to route a request for /js/keyStatus.js
Request for /js/main.js received.
About to route a request for /js/main.js
Request for /favicon.ico received.
About to route a request for /favicon.ico
Request for / received.
About to route a request for /
Request handler 'start' was called.
Request for /style/style.css received.
About to route a request for /style/style.css
Request for /js/keyStatus.js received.
About to route a request for /js/keyStatus.js
Request for /js/jquery.hotkeys.js received.
About to route a request for /js/jquery.hotkeys.js
Request for /js/jquery.min.js received.
About to route a request for /js/jquery.min.js
Request for /js/main.js received.
About to route a request for /js/main.js
Request for /favicon.ico received.
About to route a request for /favicon.ico
Request for / received.
About to route a request for /
Request handler 'start' was called.
Request for /style/style.css received.
About to route a request for /style/style.css
Request for /js/main.js received.
About to route a request for /js/main.js
Request for /js/keyStatus.js received.
About to route a request for /js/keyStatus.js
Request for /js/jquery.hotkeys.js received.
About to route a request for /js/jquery.hotkeys.js
Request for /js/jquery.min.js received.
About to route a request for /js/jquery.min.js
Request for /favicon.ico received.
About to route a request for /favicon.ico
Request for / received.
About to route a request for /
Request handler 'start' was called.
Request for /style/style.css received.
About to route a request for /style/style.css
Request for /js/main.js received.
About to route a request for /js/main.js
Request for /js/keyStatus.js received.
About to route a request for /js/keyStatus.js
Request for /js/jquery.hotkeys.js received.
About to route a request for /js/jquery.hotkeys.js
Request for /js/jquery.min.js received.
About to route a request for /js/jquery.min.js
Request for /favicon.ico received.
About to route a request for /favicon.ico
Request for / received.
About to route a request for /
Request handler 'start' was called.
Request for /style/style.css received.
About to route a request for /style/style.css
Request for /js/main.js received.
About to route a request for /js/main.js
Request for /js/keyStatus.js received.
About to route a request for /js/keyStatus.js
Request for /js/jquery.hotkeys.js received.
About to route a request for /js/jquery.hotkeys.js
Request for /js/jquery.min.js received.
About to route a request for /js/jquery.min.js
Request for /favicon.ico received.
About to route a request for /favicon.ico
Request for / received.
About to route a request for /
Request handler 'start' was called.
Request for /style/style.css received.
About to route a request for /style/style.css
Request for /js/main.js received.
About to route a request for /js/main.js
Request for /js/keyStatus.js received.
About to route a request for /js/keyStatus.js
Request for /js/jquery.hotkeys.js received.
About to route a request for /js/jquery.hotkeys.js
Request for /js/jquery.min.js received.
About to route a request for /js/jquery.min.js
Request for /favicon.ico received.
About to route a request for /favicon.ico
Request for / received.
About to route a request for /
Request handler 'start' was called.
Request for /style/style.css received.
About to route a request for /style/style.css
Request for /js/main.js received.
About to route a request for /js/main.js
Request for /js/keyStatus.js received.
About to route a request for /js/keyStatus.js
Request for /js/jquery.hotkeys.js received.
About to route a request for /js/jquery.hotkeys.js
Request for /js/jquery.min.js received.
About to route a request for /js/jquery.min.js
Request for /favicon.ico received.
About to route a request for /favicon.ico
Request for / received.
About to route a request for /
Request handler 'start' was called.
Request for /style/style.css received.
About to route a request for /style/style.css
Request for /js/keyStatus.js received.
About to route a request for /js/keyStatus.js
Request for /js/jquery.hotkeys.js received.
About to route a request for /js/jquery.hotkeys.js
Request for /js/jquery.min.js received.
About to route a request for /js/jquery.min.js
Request for /js/main.js received.
About to route a request for /js/main.js
Request for /favicon.ico received.
About to route a request for /favicon.ico
Request for / received.
About to route a request for /
Request handler 'start' was called.
Request for /style/style.css received.
About to route a request for /style/style.css
Request for /js/keyStatus.js received.
About to route a request for /js/keyStatus.js
Request for /js/jquery.hotkeys.js received.
About to route a request for /js/jquery.hotkeys.js
Request for /js/jquery.min.js received.
About to route a request for /js/jquery.min.js
Request for /js/main.js received.
About to route a request for /js/main.js
Request for /favicon.ico received.
About to route a request for /favicon.ico
Request for / received.
About to route a request for /
Request handler 'start' was called.
Request for /style/style.css received.
About to route a request for /style/style.css
Request for /js/jquery.hotkeys.js received.
About to route a request for /js/jquery.hotkeys.js
Request for /js/jquery.min.js received.
About to route a request for /js/jquery.min.js
Request for /js/main.js received.
About to route a request for /js/main.js
Request for /js/keyStatus.js received.
About to route a request for /js/keyStatus.js
Request for /favicon.ico received.
About to route a request for /favicon.ico
Request for / received.
About to route a request for /
Request handler 'start' was called.
Request for /style/style.css received.
About to route a request for /style/style.css
Request for /js/main.js received.
About to route a request for /js/main.js
Request for /js/keyStatus.js received.
About to route a request for /js/keyStatus.js
Request for /js/jquery.hotkeys.js received.
About to route a request for /js/jquery.hotkeys.js
Request for /js/jquery.min.js received.
About to route a request for /js/jquery.min.js
Request for /favicon.ico received.
About to route a request for /favicon.ico
Request for / received.
About to route a request for /
Request handler 'start' was called.
Request for /style/style.css received.
About to route a request for /style/style.css
Request for /js/jquery.min.js received.
About to route a request for /js/jquery.min.js
Request for /js/jquery.hotkeys.js received.
About to route a request for /js/jquery.hotkeys.js
Request for /js/main.js received.
About to route a request for /js/main.js
Request for /js/keyStatus.js received.
About to route a request for /js/keyStatus.js
Request for /favicon.ico received.
About to route a request for /favicon.ico
Request for / received.
About to route a request for /
Request handler 'start' was called.
Request for /style/style.css received.
About to route a request for /style/style.css
Request for /js/main.js received.
About to route a request for /js/main.js
Request for /js/keyStatus.js received.
About to route a request for /js/keyStatus.js
Request for /js/jquery.hotkeys.js received.
About to route a request for /js/jquery.hotkeys.js
Request for /js/jquery.min.js received.
About to route a request for /js/jquery.min.js
Request for /favicon.ico received.
About to route a request for /favicon.ico
Request for / received.
About to route a request for /
Request handler 'start' was called.
Request for /style/style.css received.
About to route a request for /style/style.css
Request for /js/main.js received.
About to route a request for /js/main.js
Request for /js/keyStatus.js received.
About to route a request for /js/keyStatus.js
Request for /js/jquery.hotkeys.js received.
About to route a request for /js/jquery.hotkeys.js
Request for /js/jquery.min.js received.
About to route a request for /js/jquery.min.js
Request for /favicon.ico received.
About to route a request for /favicon.ico
Request for / received.
About to route a request for /
Request handler 'start' was called.
Request for /style/style.css received.
About to route a request for /style/style.css
Request for /js/main.js received.
About to route a request for /js/main.js
Request for /js/keyStatus.js received.
About to route a request for /js/keyStatus.js
Request for /js/jquery.hotkeys.js received.
About to route a request for /js/jquery.hotkeys.js
Request for /js/jquery.min.js received.
About to route a request for /js/jquery.min.js
Request for /favicon.ico received.
About to route a request for /favicon.ico
Request for / received.
About to route a request for /
Request handler 'start' was called.
Request for /style/style.css received.
About to route a request for /style/style.css
Request for /js/jquery.min.js received.
About to route a request for /js/jquery.min.js
Request for /js/keyStatus.js received.
About to route a request for /js/keyStatus.js
Request for /js/jquery.hotkeys.js received.
About to route a request for /js/jquery.hotkeys.js
Request for /js/main.js received.
About to route a request for /js/main.js
Request for /favicon.ico received.
About to route a request for /favicon.ico
Request for / received.
About to route a request for /
Request handler 'start' was called.
Request for /style/style.css received.
About to route a request for /style/style.css
Request for /js/main.js received.
About to route a request for /js/main.js
Request for /js/keyStatus.js received.
About to route a request for /js/keyStatus.js
Request for /js/jquery.hotkeys.js received.
About to route a request for /js/jquery.hotkeys.js
Request for /js/jquery.min.js received.
About to route a request for /js/jquery.min.js
Request for /favicon.ico received.
About to route a request for /favicon.ico
Request for / received.
About to route a request for /
Request handler 'start' was called.
Request for /style/style.css received.
About to route a request for /style/style.css
Request for /js/main.js received.
About to route a request for /js/main.js
Request for /js/keyStatus.js received.
About to route a request for /js/keyStatus.js
Request for /js/jquery.hotkeys.js received.
About to route a request for /js/jquery.hotkeys.js
Request for /js/jquery.min.js received.
About to route a request for /js/jquery.min.js
Request for /favicon.ico received.
About to route a request for /favicon.ico
Request for / received.
About to route a request for /
Request handler 'start' was called.
Request for /style/style.css received.
About to route a request for /style/style.css
Request for /js/main.js received.
About to route a request for /js/main.js
Request for /js/keyStatus.js received.
About to route a request for /js/keyStatus.js
Request for /js/jquery.hotkeys.js received.
About to route a request for /js/jquery.hotkeys.js
Request for /js/jquery.min.js received.
About to route a request for /js/jquery.min.js
Request for /favicon.ico received.
About to route a request for /favicon.ico
Request for / received.
About to route a request for /
Request handler 'start' was called.
Request for /style/style.css received.
About to route a request for /style/style.css
Request for /js/jquery.min.js received.
About to route a request for /js/jquery.min.js
Request for /js/jquery.hotkeys.js received.
About to route a request for /js/jquery.hotkeys.js
Request for /js/keyStatus.js received.
About to route a request for /js/keyStatus.js
Request for /js/main.js received.
About to route a request for /js/main.js
Request for /favicon.ico received.
About to route a request for /favicon.ico
Request for / received.
About to route a request for /
Request handler 'start' was called.
Request for /style/style.css received.
About to route a request for /style/style.css
Request for /js/main.js received.
About to route a request for /js/main.js
Request for /js/keyStatus.js received.
About to route a request for /js/keyStatus.js
Request for /js/jquery.hotkeys.js received.
About to route a request for /js/jquery.hotkeys.js
Request for /js/jquery.min.js received.
About to route a request for /js/jquery.min.js
Request for /favicon.ico received.
About to route a request for /favicon.ico
Request for / received.
About to route a request for /
Request handler 'start' was called.
Request for /style/style.css received.
About to route a request for /style/style.css
Request for /js/main.js received.
About to route a request for /js/main.js
Request for /js/keyStatus.js received.
About to route a request for /js/keyStatus.js
Request for /js/jquery.hotkeys.js received.
About to route a request for /js/jquery.hotkeys.js
Request for /js/jquery.min.js received.
About to route a request for /js/jquery.min.js
Request for /favicon.ico received.
About to route a request for /favicon.ico
Request for / received.
About to route a request for /
Request handler 'start' was called.
Request for /js/main.js received.
About to route a request for /js/main.js
Request for /js/keyStatus.js received.
About to route a request for /js/keyStatus.js
Request for /js/jquery.hotkeys.js received.
About to route a request for /js/jquery.hotkeys.js
Request for /js/jquery.min.js received.
About to route a request for /js/jquery.min.js
Request for /style/style.css received.
About to route a request for /style/style.css
Request for /favicon.ico received.
About to route a request for /favicon.ico
Request for / received.
About to route a request for /
Request handler 'start' was called.
Request for /style/style.css received.
About to route a request for /style/style.css
Request for /js/keyStatus.js received.
About to route a request for /js/keyStatus.js
Request for /js/jquery.hotkeys.js received.
About to route a request for /js/jquery.hotkeys.js
Request for /js/jquery.min.js received.
About to route a request for /js/jquery.min.js
Request for /js/main.js received.
About to route a request for /js/main.js
Request for /favicon.ico received.
About to route a request for /favicon.ico
Request for / received.
About to route a request for /
Request handler 'start' was called.
Request for /style/style.css received.
About to route a request for /style/style.css
Request for /js/main.js received.
About to route a request for /js/main.js
Request for /js/keyStatus.js received.
About to route a request for /js/keyStatus.js
Request for /js/jquery.hotkeys.js received.
About to route a request for /js/jquery.hotkeys.js
Request for /js/jquery.min.js received.
About to route a request for /js/jquery.min.js
Request for /favicon.ico received.
About to route a request for /favicon.ico
Request for / received.
About to route a request for /
Request handler 'start' was called.
Request for /style/style.css received.
About to route a request for /style/style.css
Request for /js/main.js received.
About to route a request for /js/main.js
Request for /js/keyStatus.js received.
About to route a request for /js/keyStatus.js
Request for /js/jquery.hotkeys.js received.
About to route a request for /js/jquery.hotkeys.js
Request for /js/jquery.min.js received.
About to route a request for /js/jquery.min.js
Request for /favicon.ico received.
About to route a request for /favicon.ico
Request for / received.
About to route a request for /
Request handler 'start' was called.
Request for /style/style.css received.
About to route a request for /style/style.css
Request for /js/main.js received.
About to route a request for /js/main.js
Request for /js/keyStatus.js received.
About to route a request for /js/keyStatus.js
Request for /js/jquery.hotkeys.js received.
About to route a request for /js/jquery.hotkeys.js
Request for /js/jquery.min.js received.
About to route a request for /js/jquery.min.js
Request for /favicon.ico received.
About to route a request for /favicon.ico
Request for / received.
About to route a request for /
Request handler 'start' was called.
Request for /style/style.css received.
About to route a request for /style/style.css
Request for /js/jquery.min.js received.
About to route a request for /js/jquery.min.js
Request for /js/jquery.hotkeys.js received.
About to route a request for /js/jquery.hotkeys.js
Request for /js/main.js received.
About to route a request for /js/main.js
Request for /js/keyStatus.js received.
About to route a request for /js/keyStatus.js
Request for /favicon.ico received.
About to route a request for /favicon.ico
Request for / received.
About to route a request for /
Request handler 'start' was called.
Request for /style/style.css received.
About to route a request for /style/style.css
Request for /js/jquery.min.js received.
About to route a request for /js/jquery.min.js
Request for /js/main.js received.
About to route a request for /js/main.js
Request for /js/keyStatus.js received.
About to route a request for /js/keyStatus.js
Request for /js/jquery.hotkeys.js received.
About to route a request for /js/jquery.hotkeys.js
Request for /favicon.ico received.
About to route a request for /favicon.ico
Request for / received.
About to route a request for /
Request handler 'start' was called.
Request for /style/style.css received.
About to route a request for /style/style.css
Request for /js/main.js received.
About to route a request for /js/main.js
Request for /js/keyStatus.js received.
About to route a request for /js/keyStatus.js
Request for /js/jquery.hotkeys.js received.
About to route a request for /js/jquery.hotkeys.js
Request for /js/jquery.min.js received.
About to route a request for /js/jquery.min.js
Request for /favicon.ico received.
About to route a request for /favicon.ico
Request for / received.
About to route a request for /
Request handler 'start' was called.
Request for /style/style.css received.
About to route a request for /style/style.css
Request for /js/jquery.min.js received.
About to route a request for /js/jquery.min.js
Request for /js/jquery.hotkeys.js received.
About to route a request for /js/jquery.hotkeys.js
Request for /js/keyStatus.js received.
About to route a request for /js/keyStatus.js
Request for /js/main.js received.
About to route a request for /js/main.js
Request for /favicon.ico received.
About to route a request for /favicon.ico
Request for / received.
About to route a request for /
Request handler 'start' was called.
Request for /style/style.css received.
About to route a request for /style/style.css
Request for /js/jquery.min.js received.
About to route a request for /js/jquery.min.js
Request for /js/main.js received.
About to route a request for /js/main.js
Request for /js/keyStatus.js received.
About to route a request for /js/keyStatus.js
Request for /js/jquery.hotkeys.js received.
About to route a request for /js/jquery.hotkeys.js
Request for /favicon.ico received.
About to route a request for /favicon.ico
Request for / received.
About to route a request for /
Request handler 'start' was called.
Request for /style/style.css received.
About to route a request for /style/style.css
Request for /js/keyStatus.js received.
About to route a request for /js/keyStatus.js
Request for /js/jquery.hotkeys.js received.
About to route a request for /js/jquery.hotkeys.js
Request for /js/jquery.min.js received.
About to route a request for /js/jquery.min.js
Request for /js/main.js received.
About to route a request for /js/main.js
Request for /favicon.ico received.
About to route a request for /favicon.ico
Request for / received.
About to route a request for /
Request handler 'start' was called.
Request for /style/style.css received.
About to route a request for /style/style.css
Request for /js/main.js received.
About to route a request for /js/main.js
Request for /js/keyStatus.js received.
About to route a request for /js/keyStatus.js
Request for /js/jquery.hotkeys.js received.
About to route a request for /js/jquery.hotkeys.js
Request for /js/jquery.min.js received.
About to route a request for /js/jquery.min.js
Request for /favicon.ico received.
About to route a request for /favicon.ico
Request for / received.
About to route a request for /
Request handler 'start' was called.
Request for /style/style.css received.
About to route a request for /style/style.css
Request for /js/jquery.hotkeys.js received.
About to route a request for /js/jquery.hotkeys.js
Request for /js/jquery.min.js received.
About to route a request for /js/jquery.min.js
Request for /js/main.js received.
About to route a request for /js/main.js
Request for /js/keyStatus.js received.
About to route a request for /js/keyStatus.js
Request for /favicon.ico received.
About to route a request for /favicon.ico
Request for / received.
About to route a request for /
Request handler 'start' was called.
Request for /style/style.css received.
About to route a request for /style/style.css
Request for /js/jquery.min.js received.
About to route a request for /js/jquery.min.js
Request for /js/main.js received.
About to route a request for /js/main.js
Request for /js/keyStatus.js received.
About to route a request for /js/keyStatus.js
Request for /js/jquery.hotkeys.js received.
About to route a request for /js/jquery.hotkeys.js
Request for /favicon.ico received.
About to route a request for /favicon.ico
Request for / received.
About to route a request for /
Request handler 'start' was called.
Request for /style/style.css received.
About to route a request for /style/style.css
Request for /js/main.js received.
About to route a request for /js/main.js
Request for /js/keyStatus.js received.
About to route a request for /js/keyStatus.js
Request for /js/jquery.hotkeys.js received.
About to route a request for /js/jquery.hotkeys.js
Request for /js/jquery.min.js received.
About to route a request for /js/jquery.min.js
Request for /favicon.ico received.
About to route a request for /favicon.ico
Request for / received.
About to route a request for /
Request handler 'start' was called.
Request for /style/style.css received.
About to route a request for /style/style.css
Request for /js/jquery.min.js received.
About to route a request for /js/jquery.min.js
Request for /favicon.ico received.
About to route a request for /favicon.ico
Request for / received.
About to route a request for /
Request handler 'start' was called.
Request for /style/style.css received.
About to route a request for /style/style.css
Request for /js/jquery.min.js received.
About to route a request for /js/jquery.min.js
Request for /favicon.ico received.
About to route a request for /favicon.ico
Request for / received.
About to route a request for /
Request handler 'start' was called.
Request for /style/style.css received.
About to route a request for /style/style.css
Request for /js/main.js received.
About to route a request for /js/main.js
Request for /js/keyStatus.js received.
About to route a request for /js/keyStatus.js
Request for /js/jquery.hotkeys.js received.
About to route a request for /js/jquery.hotkeys.js
Request for /js/jquery.min.js received.
About to route a request for /js/jquery.min.js
Request for /favicon.ico received.
About to route a request for /favicon.ico
Request for / received.
About to route a request for /
Request handler 'start' was called.
Request for /style/style.css received.
About to route a request for /style/style.css
Request for /js/jquery.min.js received.
About to route a request for /js/jquery.min.js
Request for /js/jquery.hotkeys.js received.
About to route a request for /js/jquery.hotkeys.js
Request for /js/keyStatus.js received.
About to route a request for /js/keyStatus.js
Request for /js/main.js received.
About to route a request for /js/main.js
Request for /favicon.ico received.
About to route a request for /favicon.ico
Request for / received.
About to route a request for /
Request handler 'start' was called.
Request for /style/style.css received.
About to route a request for /style/style.css
Request for /js/keyStatus.js received.
About to route a request for /js/keyStatus.js
Request for /js/jquery.hotkeys.js received.
About to route a request for /js/jquery.hotkeys.js
Request for /js/jquery.min.js received.
About to route a request for /js/jquery.min.js
Request for /js/main.js received.
About to route a request for /js/main.js
Request for /favicon.ico received.
About to route a request for /favicon.ico
Request for / received.
About to route a request for /
Request handler 'start' was called.
Request for /style/style.css received.
About to route a request for /style/style.css
Request for /js/main.js received.
About to route a request for /js/main.js
Request for /js/keyStatus.js received.
About to route a request for /js/keyStatus.js
Request for /js/jquery.hotkeys.js received.
About to route a request for /js/jquery.hotkeys.js
Request for /js/jquery.min.js received.
About to route a request for /js/jquery.min.js
Request for /favicon.ico received.
About to route a request for /favicon.ico
Request for / received.
About to route a request for /
Request handler 'start' was called.
Request for /style/style.css received.
About to route a request for /style/style.css
Request for /js/main.js received.
About to route a request for /js/main.js
Request for /js/keyStatus.js received.
About to route a request for /js/keyStatus.js
Request for /js/jquery.hotkeys.js received.
About to route a request for /js/jquery.hotkeys.js
Request for /js/jquery.min.js received.
About to route a request for /js/jquery.min.js
Request for /favicon.ico received.
About to route a request for /favicon.ico
Request for / received.
About to route a request for /
Request handler 'start' was called.
Request for /style/style.css received.
About to route a request for /style/style.css
Request for /js/jquery.min.js received.
About to route a request for /js/jquery.min.js
Request for /js/main.js received.
About to route a request for /js/main.js
Request for /js/keyStatus.js received.
About to route a request for /js/keyStatus.js
Request for /js/jquery.hotkeys.js received.
About to route a request for /js/jquery.hotkeys.js
Request for /style/style.css received.
About to route a request for /style/style.css
Request for /favicon.ico received.
About to route a request for /favicon.ico
Request for / received.
About to route a request for /
Request handler 'start' was called.
Request for /style/style.css received.
About to route a request for /style/style.css
Request for /js/jquery.min.js received.
About to route a request for /js/jquery.min.js
Request for /js/jquery.hotkeys.js received.
About to route a request for /js/jquery.hotkeys.js
Request for /js/main.js received.
About to route a request for /js/main.js
Request for /js/keyStatus.js received.
About to route a request for /js/keyStatus.js
Request for /favicon.ico received.
About to route a request for /favicon.ico
Request for /style/style.css received.
About to route a request for /style/style.css
Request for / received.
About to route a request for /
Request handler 'start' was called.
Request for /style/style.css received.
About to route a request for /style/style.css
Request for /js/jquery.min.js received.
About to route a request for /js/jquery.min.js
Request for /js/main.js received.
About to route a request for /js/main.js
Request for /js/keyStatus.js received.
About to route a request for /js/keyStatus.js
Request for /js/jquery.hotkeys.js received.
About to route a request for /js/jquery.hotkeys.js
Request for /favicon.ico received.
About to route a request for /favicon.ico
Request for /style/style.css received.
About to route a request for /style/style.css
Request for / received.
About to route a request for /
Request handler 'start' was called.
Request for /style/style.css received.
About to route a request for /style/style.css
Request for /js/jquery.hotkeys.js received.
About to route a request for /js/jquery.hotkeys.js
Request for /js/jquery.min.js received.
About to route a request for /js/jquery.min.js
Request for /js/main.js received.
About to route a request for /js/main.js
Request for /js/keyStatus.js received.
About to route a request for /js/keyStatus.js
Request for /windwaker.jpg received.
About to route a request for /windwaker.jpg
Request for /favicon.ico received.
About to route a request for /favicon.ico
Request for /style/style.css received.
About to route a request for /style/style.css
Request for / received.
About to route a request for /
Request handler 'start' was called.
Request for /style/style.css received.
About to route a request for /style/style.css
Request for /js/main.js received.
About to route a request for /js/main.js
Request for /js/keyStatus.js received.
About to route a request for /js/keyStatus.js
Request for /js/jquery.hotkeys.js received.
About to route a request for /js/jquery.hotkeys.js
Request for /js/jquery.min.js received.
About to route a request for /js/jquery.min.js
Request for /style/style.css received.
About to route a request for /style/style.css
Request for /favicon.ico received.
About to route a request for /favicon.ico
Request for / received.
About to route a request for /
Request handler 'start' was called.
Request for /style/style.css received.
About to route a request for /style/style.css
Request for /js/main.js received.
About to route a request for /js/main.js
Request for /js/keyStatus.js received.
About to route a request for /js/keyStatus.js
Request for /js/jquery.hotkeys.js received.
About to route a request for /js/jquery.hotkeys.js
Request for /js/jquery.min.js received.
About to route a request for /js/jquery.min.js
Request for /favicon.ico received.
About to route a request for /favicon.ico
Request for /style/style.css received.
About to route a request for /style/style.css
Request for / received.
About to route a request for /
Request handler 'start' was called.
Request for /style/style.css received.
About to route a request for /style/style.css
Request for /js/jquery.hotkeys.js received.
About to route a request for /js/jquery.hotkeys.js
Request for /js/jquery.min.js received.
About to route a request for /js/jquery.min.js
Request for /js/main.js received.
About to route a request for /js/main.js
Request for /js/keyStatus.js received.
About to route a request for /js/keyStatus.js
Request for /style/style.css received.
About to route a request for /style/style.css
Request for /favicon.ico received.
About to route a request for /favicon.ico
Request for / received.
About to route a request for /
Request handler 'start' was called.
Request for /style/style.css received.
About to route a request for /style/style.css
Request for /js/main.js received.
About to route a request for /js/main.js
Request for /js/keyStatus.js received.
About to route a request for /js/keyStatus.js
Request for /js/jquery.hotkeys.js received.
About to route a request for /js/jquery.hotkeys.js
Request for /js/jquery.min.js received.
About to route a request for /js/jquery.min.js
Request for /favicon.ico received.
About to route a request for /favicon.ico
Request for / received.
About to route a request for /
Request handler 'start' was called.
Request for /style/style.css received.
About to route a request for /style/style.css
Request for /js/jquery.min.js received.
About to route a request for /js/jquery.min.js
Request for /favicon.ico received.
About to route a request for /favicon.ico
Request for / received.
About to route a request for /
Request handler 'start' was called.
Request for /style/style.css received.
About to route a request for /style/style.css
Request for /js/main.js received.
About to route a request for /js/main.js
Request for /js/keyStatus.js received.
About to route a request for /js/keyStatus.js
Request for /js/jquery.hotkeys.js received.
About to route a request for /js/jquery.hotkeys.js
Request for /js/jquery.min.js received.
About to route a request for /js/jquery.min.js
Request for /style/style.css received.
About to route a request for /style/style.css
Request for /favicon.ico received.
About to route a request for /favicon.ico
Request for / received.
About to route a request for /
Request handler 'start' was called.
Request for /style/style.css received.
About to route a request for /style/style.css
Request for /js/jquery.min.js received.
About to route a request for /js/jquery.min.js
Request for /js/main.js received.
About to route a request for /js/main.js
Request for /js/keyStatus.js received.
About to route a request for /js/keyStatus.js
Request for /js/jquery.hotkeys.js received.
About to route a request for /js/jquery.hotkeys.js
Request for /favicon.ico received.
About to route a request for /favicon.ico
Request for / received.
About to route a request for /
Request handler 'start' was called.
Request for /style/style.css received.
About to route a request for /style/style.css
Request for /js/main.js received.
About to route a request for /js/main.js
Request for /js/keyStatus.js received.
About to route a request for /js/keyStatus.js
Request for /js/jquery.hotkeys.js received.
About to route a request for /js/jquery.hotkeys.js
Request for /js/jquery.min.js received.
About to route a request for /js/jquery.min.js
Request for /favicon.ico received.
About to route a request for /favicon.ico
Request for / received.
About to route a request for /
Request handler 'start' was called.
Request for /style/style.css received.
About to route a request for /style/style.css
Request for /js/main.js received.
About to route a request for /js/main.js
Request for /js/keyStatus.js received.
About to route a request for /js/keyStatus.js
Request for /js/jquery.hotkeys.js received.
About to route a request for /js/jquery.hotkeys.js
Request for /js/jquery.min.js received.
About to route a request for /js/jquery.min.js
Request for /favicon.ico received.
About to route a request for /favicon.ico
Request for / received.
About to route a request for /
Request handler 'start' was called.
Request for /style/style.css received.
About to route a request for /style/style.css
Request for /js/keyStatus.js received.
About to route a request for /js/keyStatus.js
Request for /js/jquery.hotkeys.js received.
About to route a request for /js/jquery.hotkeys.js
Request for /js/jquery.min.js received.
About to route a request for /js/jquery.min.js
Request for /js/main.js received.
About to route a request for /js/main.js
Request for /favicon.ico received.
About to route a request for /favicon.ico
Request for / received.
About to route a request for /
Request handler 'start' was called.
Request for /style/style.css received.
About to route a request for /style/style.css
Request for /js/keyStatus.js received.
About to route a request for /js/keyStatus.js
Request for /js/jquery.hotkeys.js received.
About to route a request for /js/jquery.hotkeys.js
Request for /js/jquery.min.js received.
About to route a request for /js/jquery.min.js
Request for /js/main.js received.
About to route a request for /js/main.js
Request for /favicon.ico received.
About to route a request for /favicon.ico
Request for / received.
About to route a request for /
Request handler 'start' was called.
Request for /style/style.css received.
About to route a request for /style/style.css
Request for /js/main.js received.
About to route a request for /js/main.js
Request for /js/keyStatus.js received.
About to route a request for /js/keyStatus.js
Request for /js/jquery.hotkeys.js received.
About to route a request for /js/jquery.hotkeys.js
Request for /js/jquery.min.js received.
About to route a request for /js/jquery.min.js
Request for /favicon.ico received.
About to route a request for /favicon.ico
Request for / received.
About to route a request for /
Request handler 'start' was called.
Request for /style/style.css received.
About to route a request for /style/style.css
Request for /js/jquery.min.js received.
About to route a request for /js/jquery.min.js
Request for /js/jquery.hotkeys.js received.
About to route a request for /js/jquery.hotkeys.js
Request for /js/main.js received.
About to route a request for /js/main.js
Request for /js/keyStatus.js received.
About to route a request for /js/keyStatus.js
Request for /favicon.ico received.
About to route a request for /favicon.ico
Request for / received.
About to route a request for /
Request handler 'start' was called.
Request for /style/style.css received.
About to route a request for /style/style.css
Request for /js/jquery.min.js received.
About to route a request for /js/jquery.min.js
Request for /js/keyStatus.js received.
About to route a request for /js/keyStatus.js
Request for /js/jquery.hotkeys.js received.
About to route a request for /js/jquery.hotkeys.js
Request for /js/main.js received.
About to route a request for /js/main.js
Request for /favicon.ico received.
About to route a request for /favicon.ico
Request for / received.
About to route a request for /
Request handler 'start' was called.
Request for /style/style.css received.
About to route a request for /style/style.css
Request for /js/main.js received.
About to route a request for /js/main.js
Request for /js/keyStatus.js received.
About to route a request for /js/keyStatus.js
Request for /js/jquery.hotkeys.js received.
About to route a request for /js/jquery.hotkeys.js
Request for /js/jquery.min.js received.
About to route a request for /js/jquery.min.js
Request for /favicon.ico received.
About to route a request for /favicon.ico
Request for / received.
About to route a request for /
Request handler 'start' was called.
Request for /style/style.css received.
About to route a request for /style/style.css
Request for /js/jquery.min.js received.
About to route a request for /js/jquery.min.js
Request for /js/main.js received.
About to route a request for /js/main.js
Request for /js/keyStatus.js received.
About to route a request for /js/keyStatus.js
Request for /js/jquery.hotkeys.js received.
About to route a request for /js/jquery.hotkeys.js
Request for /favicon.ico received.
About to route a request for /favicon.ico
Request for / received.
About to route a request for /
Request handler 'start' was called.
Request for /style/style.css received.
About to route a request for /style/style.css
Request for /js/jquery.min.js received.
About to route a request for /js/jquery.min.js
Request for /js/main.js received.
About to route a request for /js/main.js
Request for /js/keyStatus.js received.
About to route a request for /js/keyStatus.js
Request for /js/jquery.hotkeys.js received.
About to route a request for /js/jquery.hotkeys.js
Request for /favicon.ico received.
About to route a request for /favicon.ico
Request for / received.
About to route a request for /
Request handler 'start' was called.
Request for /style/style.css received.
About to route a request for /style/style.css
Request for /js/jquery.min.js received.
About to route a request for /js/jquery.min.js
Request for /js/main.js received.
About to route a request for /js/main.js
Request for /js/keyStatus.js received.
About to route a request for /js/keyStatus.js
Request for /js/jquery.hotkeys.js received.
About to route a request for /js/jquery.hotkeys.js
Request for /favicon.ico received.
About to route a request for /favicon.ico
Request for / received.
About to route a request for /
Request handler 'start' was called.
Request for /style/style.css received.
About to route a request for /style/style.css
Request for /js/main.js received.
About to route a request for /js/main.js
Request for /js/keyStatus.js received.
About to route a request for /js/keyStatus.js
Request for /js/jquery.hotkeys.js received.
About to route a request for /js/jquery.hotkeys.js
Request for /js/jquery.min.js received.
About to route a request for /js/jquery.min.js
Request for /favicon.ico received.
About to route a request for /favicon.ico
Request for / received.
About to route a request for /
Request handler 'start' was called.
Request for /style/style.css received.
About to route a request for /style/style.css
Request for /js/main.js received.
About to route a request for /js/main.js
Request for /js/keyStatus.js received.
About to route a request for /js/keyStatus.js
Request for /js/jquery.hotkeys.js received.
About to route a request for /js/jquery.hotkeys.js
Request for /js/jquery.min.js received.
About to route a request for /js/jquery.min.js
Request for /favicon.ico received.
About to route a request for /favicon.ico
Request for / received.
About to route a request for /
Request handler 'start' was called.
Request for /style/style.css received.
About to route a request for /style/style.css
Request for /js/main.js received.
About to route a request for /js/main.js
Request for /js/keyStatus.js received.
About to route a request for /js/keyStatus.js
Request for /js/jquery.hotkeys.js received.
About to route a request for /js/jquery.hotkeys.js
Request for /js/jquery.min.js received.
About to route a request for /js/jquery.min.js
Request for /favicon.ico received.
About to route a request for /favicon.ico
Request for / received.
About to route a request for /
Request handler 'start' was called.
Request for /style/style.css received.
About to route a request for /style/style.css
Request for /js/main.js received.
About to route a request for /js/main.js
Request for /js/keyStatus.js received.
About to route a request for /js/keyStatus.js
Request for /js/jquery.hotkeys.js received.
About to route a request for /js/jquery.hotkeys.js
Request for /js/jquery.min.js received.
About to route a request for /js/jquery.min.js
Request for /favicon.ico received.
About to route a request for /favicon.ico
Request for / received.
About to route a request for /
Request handler 'start' was called.
Request for /style/style.css received.
About to route a request for /style/style.css
Request for /js/main.js received.
About to route a request for /js/main.js
Request for /js/keyStatus.js received.
About to route a request for /js/keyStatus.js
Request for /js/jquery.hotkeys.js received.
About to route a request for /js/jquery.hotkeys.js
Request for /js/jquery.min.js received.
About to route a request for /js/jquery.min.js
Request for /favicon.ico received.
About to route a request for /favicon.ico
Request for / received.
About to route a request for /
Request handler 'start' was called.
Request for /style/style.css received.
About to route a request for /style/style.css
Request for /js/main.js received.
About to route a request for /js/main.js
Request for /js/keyStatus.js received.
About to route a request for /js/keyStatus.js
Request for /js/jquery.hotkeys.js received.
About to route a request for /js/jquery.hotkeys.js
Request for /js/jquery.min.js received.
About to route a request for /js/jquery.min.js
Request for /favicon.ico received.
About to route a request for /favicon.ico
Request for / received.
About to route a request for /
Request handler 'start' was called.
Request for /style/style.css received.
About to route a request for /style/style.css
Request for /js/jquery.min.js received.
About to route a request for /js/jquery.min.js
Request for /js/main.js received.
About to route a request for /js/main.js
Request for /js/keyStatus.js received.
About to route a request for /js/keyStatus.js
Request for /js/jquery.hotkeys.js received.
About to route a request for /js/jquery.hotkeys.js
Request for /favicon.ico received.
About to route a request for /favicon.ico
Request for / received.
About to route a request for /
Request handler 'start' was called.
Request for /style/style.css received.
About to route a request for /style/style.css
Request for /js/jquery.min.js received.
About to route a request for /js/jquery.min.js
Request for /js/jquery.hotkeys.js received.
About to route a request for /js/jquery.hotkeys.js
Request for /js/main.js received.
About to route a request for /js/main.js
Request for /js/keyStatus.js received.
About to route a request for /js/keyStatus.js
Request for /favicon.ico received.
About to route a request for /favicon.ico
Request for / received.
About to route a request for /
Request handler 'start' was called.
Request for /style/style.css received.
About to route a request for /style/style.css
Request for /js/main.js received.
About to route a request for /js/main.js
Request for /js/keyStatus.js received.
About to route a request for /js/keyStatus.js
Request for /js/jquery.hotkeys.js received.
About to route a request for /js/jquery.hotkeys.js
Request for /js/jquery.min.js received.
About to route a request for /js/jquery.min.js
Request for /favicon.ico received.
About to route a request for /favicon.ico
Request for / received.
About to route a request for /
Request handler 'start' was called.
Request for /style/style.css received.
About to route a request for /style/style.css
Request for /js/jquery.min.js received.
About to route a request for /js/jquery.min.js
Request for /js/main.js received.
About to route a request for /js/main.js
Request for /js/keyStatus.js received.
About to route a request for /js/keyStatus.js
Request for /js/jquery.hotkeys.js received.
About to route a request for /js/jquery.hotkeys.js
Request for /favicon.ico received.
About to route a request for /favicon.ico
Request for / received.
About to route a request for /
Request handler 'start' was called.
Request for /style/style.css received.
About to route a request for /style/style.css
Request for /js/jquery.min.js received.
About to route a request for /js/jquery.min.js
Request for /js/main.js received.
About to route a request for /js/main.js
Request for /js/keyStatus.js received.
About to route a request for /js/keyStatus.js
Request for /js/jquery.hotkeys.js received.
About to route a request for /js/jquery.hotkeys.js
Request for /favicon.ico received.
About to route a request for /favicon.ico
Request for / received.
About to route a request for /
Request handler 'start' was called.
Request for /style/style.css received.
About to route a request for /style/style.css
Request for /js/jquery.min.js received.
About to route a request for /js/jquery.min.js
Request for /js/jquery.hotkeys.js received.
About to route a request for /js/jquery.hotkeys.js
Request for /js/keyStatus.js received.
About to route a request for /js/keyStatus.js
Request for /js/main.js received.
About to route a request for /js/main.js
Request for /favicon.ico received.
About to route a request for /favicon.ico
Request for / received.
About to route a request for /
Request handler 'start' was called.
Request for /style/style.css received.
About to route a request for /style/style.css
Request for /js/jquery.min.js received.
About to route a request for /js/jquery.min.js
Request for /js/main.js received.
About to route a request for /js/main.js
Request for /js/keyStatus.js received.
About to route a request for /js/keyStatus.js
Request for /js/jquery.hotkeys.js received.
About to route a request for /js/jquery.hotkeys.js
Request for /favicon.ico received.
About to route a request for /favicon.ico
Request for / received.
About to route a request for /
Request handler 'start' was called.
Request for /style/style.css received.
About to route a request for /style/style.css
Request for /js/main.js received.
About to route a request for /js/main.js
Request for /js/keyStatus.js received.
About to route a request for /js/keyStatus.js
Request for /js/jquery.hotkeys.js received.
About to route a request for /js/jquery.hotkeys.js
Request for /js/jquery.min.js received.
About to route a request for /js/jquery.min.js
Request for /favicon.ico received.
About to route a request for /favicon.ico
Request for / received.
About to route a request for /
Request handler 'start' was called.
Request for /style/style.css received.
About to route a request for /style/style.css
Request for /js/main.js received.
About to route a request for /js/main.js
Request for /js/keyStatus.js received.
About to route a request for /js/keyStatus.js
Request for /js/jquery.hotkeys.js received.
About to route a request for /js/jquery.hotkeys.js
Request for /js/jquery.min.js received.
About to route a request for /js/jquery.min.js
Request for /favicon.ico received.
About to route a request for /favicon.ico
Request for / received.
About to route a request for /
Request handler 'start' was called.
Request for /style/style.css received.
About to route a request for /style/style.css
Request for /js/main.js received.
About to route a request for /js/main.js
Request for /js/keyStatus.js received.
About to route a request for /js/keyStatus.js
Request for /js/jquery.hotkeys.js received.
About to route a request for /js/jquery.hotkeys.js
Request for /js/jquery.min.js received.
About to route a request for /js/jquery.min.js
Request for /favicon.ico received.
About to route a request for /favicon.ico
Request for / received.
About to route a request for /
Request handler 'start' was called.
Request for /style/style.css received.
About to route a request for /style/style.css
Request for /js/jquery.min.js received.
About to route a request for /js/jquery.min.js
Request for /js/main.js received.
About to route a request for /js/main.js
Request for /js/keyStatus.js received.
About to route a request for /js/keyStatus.js
Request for /js/jquery.hotkeys.js received.
About to route a request for /js/jquery.hotkeys.js
Request for /favicon.ico received.
About to route a request for /favicon.ico
Request for / received.
About to route a request for /
Request handler 'start' was called.
Request for /style/style.css received.
About to route a request for /style/style.css
Request for /js/jquery.min.js received.
About to route a request for /js/jquery.min.js
Request for /js/jquery.hotkeys.js received.
About to route a request for /js/jquery.hotkeys.js
Request for /js/main.js received.
About to route a request for /js/main.js
Request for /js/keyStatus.js received.
About to route a request for /js/keyStatus.js
Request for /favicon.ico received.
About to route a request for /favicon.ico
Request for / received.
About to route a request for /
Request handler 'start' was called.
Request for /style/style.css received.
About to route a request for /style/style.css
Request for /js/main.js received.
About to route a request for /js/main.js
Request for /js/keyStatus.js received.
About to route a request for /js/keyStatus.js
Request for /js/jquery.hotkeys.js received.
About to route a request for /js/jquery.hotkeys.js
Request for /js/jquery.min.js received.
About to route a request for /js/jquery.min.js
Request for /favicon.ico received.
About to route a request for /favicon.ico
Request for / received.
About to route a request for /
Request handler 'start' was called.
Request for /style/style.css received.
About to route a request for /style/style.css
Request for /js/main.js received.
About to route a request for /js/main.js
Request for /js/keyStatus.js received.
About to route a request for /js/keyStatus.js
Request for /js/jquery.hotkeys.js received.
About to route a request for /js/jquery.hotkeys.js
Request for /js/jquery.min.js received.
About to route a request for /js/jquery.min.js
Request for /favicon.ico received.
About to route a request for /favicon.ico
Request for / received.
About to route a request for /
Request handler 'start' was called.
Request for /style/style.css received.
About to route a request for /style/style.css
Request for /js/main.js received.
About to route a request for /js/main.js
Request for /js/keyStatus.js received.
About to route a request for /js/keyStatus.js
Request for /js/jquery.hotkeys.js received.
About to route a request for /js/jquery.hotkeys.js
Request for /js/jquery.min.js received.
About to route a request for /js/jquery.min.js
Request for /favicon.ico received.
About to route a request for /favicon.ico
Request for / received.
About to route a request for /
Request handler 'start' was called.
Request for /style/style.css received.
About to route a request for /style/style.css
Request for /js/jquery.min.js received.
About to route a request for /js/jquery.min.js
Request for /js/main.js received.
About to route a request for /js/main.js
Request for /js/keyStatus.js received.
About to route a request for /js/keyStatus.js
Request for /js/jquery.hotkeys.js received.
About to route a request for /js/jquery.hotkeys.js
Request for /favicon.ico received.
About to route a request for /favicon.ico
Request for / received.
About to route a request for /
Request handler 'start' was called.
Request for /style/style.css received.
About to route a request for /style/style.css
Request for /js/main.js received.
About to route a request for /js/main.js
Request for /js/keyStatus.js received.
About to route a request for /js/keyStatus.js
Request for /js/jquery.hotkeys.js received.
About to route a request for /js/jquery.hotkeys.js
Request for /js/jquery.min.js received.
About to route a request for /js/jquery.min.js
Request for /favicon.ico received.
About to route a request for /favicon.ico
Request for / received.
About to route a request for /
Request handler 'start' was called.
Request for /style/style.css received.
About to route a request for /style/style.css
Request for /js/main.js received.
About to route a request for /js/main.js
Request for /js/keyStatus.js received.
About to route a request for /js/keyStatus.js
Request for /js/jquery.hotkeys.js received.
About to route a request for /js/jquery.hotkeys.js
Request for /js/jquery.min.js received.
About to route a request for /js/jquery.min.js
Request for /favicon.ico received.
About to route a request for /favicon.ico
Request for / received.
About to route a request for /
Request handler 'start' was called.
Request for /style/style.css received.
About to route a request for /style/style.css
Request for /js/jquery.min.js received.
About to route a request for /js/jquery.min.js
Request for /js/keyStatus.js received.
About to route a request for /js/keyStatus.js
Request for /js/jquery.hotkeys.js received.
About to route a request for /js/jquery.hotkeys.js
Request for /js/main.js received.
About to route a request for /js/main.js
Request for /favicon.ico received.
About to route a request for /favicon.ico
Request for / received.
About to route a request for /
Request handler 'start' was called.
Request for /style/style.css received.
About to route a request for /style/style.css
Request for /js/jquery.min.js received.
About to route a request for /js/jquery.min.js
Request for /js/main.js received.
About to route a request for /js/main.js
Request for /js/keyStatus.js received.
About to route a request for /js/keyStatus.js
Request for /js/jquery.hotkeys.js received.
About to route a request for /js/jquery.hotkeys.js
Request for /favicon.ico received.
About to route a request for /favicon.ico
Request for / received.
About to route a request for /
Request handler 'start' was called.
Request for /style/style.css received.
About to route a request for /style/style.css
Request for /js/main.js received.
About to route a request for /js/main.js
Request for /js/keyStatus.js received.
About to route a request for /js/keyStatus.js
Request for /js/jquery.hotkeys.js received.
About to route a request for /js/jquery.hotkeys.js
Request for /js/jquery.min.js received.
About to route a request for /js/jquery.min.js
Request for /favicon.ico received.
About to route a request for /favicon.ico
Request for / received.
About to route a request for /
Request handler 'start' was called.
Request for /style/style.css received.
About to route a request for /style/style.css
Request for /js/main.js received.
About to route a request for /js/main.js
Request for /js/keyStatus.js received.
About to route a request for /js/keyStatus.js
Request for /js/jquery.hotkeys.js received.
About to route a request for /js/jquery.hotkeys.js
Request for /js/jquery.min.js received.
About to route a request for /js/jquery.min.js
Request for /favicon.ico received.
About to route a request for /favicon.ico
Request for / received.
About to route a request for /
Request handler 'start' was called.
Request for /style/style.css received.
About to route a request for /style/style.css
Request for /js/jquery.hotkeys.js received.
About to route a request for /js/jquery.hotkeys.js
Request for /js/jquery.min.js received.
About to route a request for /js/jquery.min.js
Request for /js/main.js received.
About to route a request for /js/main.js
Request for /js/keyStatus.js received.
About to route a request for /js/keyStatus.js
Request for /favicon.ico received.
About to route a request for /favicon.ico
Request for / received.
About to route a request for /
Request handler 'start' was called.
Request for /style/style.css received.
About to route a request for /style/style.css
Request for /js/jquery.min.js received.
About to route a request for /js/jquery.min.js
Request for /js/main.js received.
About to route a request for /js/main.js
Request for /js/keyStatus.js received.
About to route a request for /js/keyStatus.js
Request for /js/jquery.hotkeys.js received.
About to route a request for /js/jquery.hotkeys.js
Request for /favicon.ico received.
About to route a request for /favicon.ico
Request for / received.
About to route a request for /
Request handler 'start' was called.
Request for /style/style.css received.
About to route a request for /style/style.css
Request for /js/jquery.min.js received.
About to route a request for /js/jquery.min.js
Request for /js/keyStatus.js received.
About to route a request for /js/keyStatus.js
Request for /js/jquery.hotkeys.js received.
About to route a request for /js/jquery.hotkeys.js
Request for /js/main.js received.
About to route a request for /js/main.js
Request for /favicon.ico received.
About to route a request for /favicon.ico
Request for / received.
About to route a request for /
Request handler 'start' was called.
Request for /style/style.css received.
About to route a request for /style/style.css
Request for /js/main.js received.
About to route a request for /js/main.js
Request for /js/keyStatus.js received.
About to route a request for /js/keyStatus.js
Request for /js/jquery.hotkeys.js received.
About to route a request for /js/jquery.hotkeys.js
Request for /js/jquery.min.js received.
About to route a request for /js/jquery.min.js
Request for /favicon.ico received.
About to route a request for /favicon.ico
Request for / received.
About to route a request for /
Request handler 'start' was called.
Request for /style/style.css received.
About to route a request for /style/style.css
Request for /js/jquery.min.js received.
About to route a request for /js/jquery.min.js
Request for /js/keyStatus.js received.
About to route a request for /js/keyStatus.js
Request for /js/jquery.hotkeys.js received.
About to route a request for /js/jquery.hotkeys.js
Request for /js/main.js received.
About to route a request for /js/main.js
Request for /favicon.ico received.
About to route a request for /favicon.ico
Request for / received.
About to route a request for /
Request handler 'start' was called.
Request for /style/style.css received.
About to route a request for /style/style.css
Request for /js/main.js received.
About to route a request for /js/main.js
Request for /js/keyStatus.js received.
About to route a request for /js/keyStatus.js
Request for /js/jquery.hotkeys.js received.
About to route a request for /js/jquery.hotkeys.js
Request for /js/jquery.min.js received.
About to route a request for /js/jquery.min.js
Request for /favicon.ico received.
About to route a request for /favicon.ico
Request for / received.
About to route a request for /
Request handler 'start' was called.
Request for /style/style.css received.
About to route a request for /style/style.css
Request for /js/main.js received.
About to route a request for /js/main.js
Request for /js/keyStatus.js received.
About to route a request for /js/keyStatus.js
Request for /js/jquery.hotkeys.js received.
About to route a request for /js/jquery.hotkeys.js
Request for /js/jquery.min.js received.
About to route a request for /js/jquery.min.js
Request for /favicon.ico received.
About to route a request for /favicon.ico
Request for / received.
About to route a request for /
Request handler 'start' was called.
Request for /style/style.css received.
About to route a request for /style/style.css
Request for /js/jquery.hotkeys.js received.
About to route a request for /js/jquery.hotkeys.js
Request for /js/jquery.min.js received.
About to route a request for /js/jquery.min.js
Request for /js/main.js received.
About to route a request for /js/main.js
Request for /js/keyStatus.js received.
About to route a request for /js/keyStatus.js
Request for /favicon.ico received.
About to route a request for /favicon.ico
Request for / received.
About to route a request for /
Request handler 'start' was called.
Request for /style/style.css received.
About to route a request for /style/style.css
Request for /js/main.js received.
About to route a request for /js/main.js
Request for /js/keyStatus.js received.
About to route a request for /js/keyStatus.js
Request for /js/jquery.hotkeys.js received.
About to route a request for /js/jquery.hotkeys.js
Request for /js/jquery.min.js received.
About to route a request for /js/jquery.min.js
Request for /favicon.ico received.
About to route a request for /favicon.ico
Request for / received.
About to route a request for /
Request handler 'start' was called.
Request for /style/style.css received.
About to route a request for /style/style.css
Request for /js/main.js received.
About to route a request for /js/main.js
Request for /js/keyStatus.js received.
About to route a request for /js/keyStatus.js
Request for /js/jquery.hotkeys.js received.
About to route a request for /js/jquery.hotkeys.js
Request for /js/jquery.min.js received.
About to route a request for /js/jquery.min.js
Request for /favicon.ico received.
About to route a request for /favicon.ico
Request for / received.
About to route a request for /
Request handler 'start' was called.
Request for /style/style.css received.
About to route a request for /style/style.css
Request for /js/keyStatus.js received.
About to route a request for /js/keyStatus.js
Request for /js/jquery.hotkeys.js received.
About to route a request for /js/jquery.hotkeys.js
Request for /js/jquery.min.js received.
About to route a request for /js/jquery.min.js
Request for /js/main.js received.
About to route a request for /js/main.js
Request for /favicon.ico received.
About to route a request for /favicon.ico
Request for / received.
About to route a request for /
Request handler 'start' was called.
Request for /style/style.css received.
About to route a request for /style/style.css
Request for /js/jquery.hotkeys.js received.
About to route a request for /js/jquery.hotkeys.js
Request for /js/jquery.min.js received.
About to route a request for /js/jquery.min.js
Request for /js/main.js received.
About to route a request for /js/main.js
Request for /js/keyStatus.js received.
About to route a request for /js/keyStatus.js
Request for /favicon.ico received.
About to route a request for /favicon.ico
Request for / received.
About to route a request for /
Request handler 'start' was called.
Request for /style/style.css received.
About to route a request for /style/style.css
Request for /js/main.js received.
About to route a request for /js/main.js
Request for /js/keyStatus.js received.
About to route a request for /js/keyStatus.js
Request for /js/jquery.hotkeys.js received.
About to route a request for /js/jquery.hotkeys.js
Request for /js/jquery.min.js received.
About to route a request for /js/jquery.min.js
Request for /favicon.ico received.
About to route a request for /favicon.ico
Request for / received.
About to route a request for /
Request handler 'start' was called.
Request for /style/style.css received.
About to route a request for /style/style.css
Request for /js/main.js received.
About to route a request for /js/main.js
Request for /js/keyStatus.js received.
About to route a request for /js/keyStatus.js
Request for /js/jquery.hotkeys.js received.
About to route a request for /js/jquery.hotkeys.js
Request for /js/jquery.min.js received.
About to route a request for /js/jquery.min.js
Request for /favicon.ico received.
About to route a request for /favicon.ico
Request for / received.
About to route a request for /
Request handler 'start' was called.
Request for /style/style.css received.
About to route a request for /style/style.css
Request for /js/jquery.min.js received.
About to route a request for /js/jquery.min.js
Request for /js/main.js received.
About to route a request for /js/main.js
Request for /js/keyStatus.js received.
About to route a request for /js/keyStatus.js
Request for /js/jquery.hotkeys.js received.
About to route a request for /js/jquery.hotkeys.js
Request for /favicon.ico received.
About to route a request for /favicon.ico
Request for / received.
About to route a request for /
Request handler 'start' was called.
Request for /style/style.css received.
About to route a request for /style/style.css
Request for /js/jquery.min.js received.
About to route a request for /js/jquery.min.js
Request for /js/main.js received.
About to route a request for /js/main.js
Request for /js/keyStatus.js received.
About to route a request for /js/keyStatus.js
Request for /js/jquery.hotkeys.js received.
About to route a request for /js/jquery.hotkeys.js
Request for /favicon.ico received.
About to route a request for /favicon.ico
Request for / received.
About to route a request for /
Request handler 'start' was called.
Request for /style/style.css received.
About to route a request for /style/style.css
Request for /js/keyStatus.js received.
About to route a request for /js/keyStatus.js
Request for /js/jquery.hotkeys.js received.
About to route a request for /js/jquery.hotkeys.js
Request for /js/jquery.min.js received.
About to route a request for /js/jquery.min.js
Request for /js/main.js received.
About to route a request for /js/main.js
Request for /favicon.ico received.
About to route a request for /favicon.ico
